1019
1018
1026
1030
1022
1020
1024
1025
1023
1029
1021
1031
1041
1045
1053
1057
1033
1061
1038
1049
1032
1068
1044
1056
1052
1060
1066
1048
1069
1070
1064
1071
1035
1034
1065
1062
1036
1054
1067
1042
1058
1050
1039
1046
1055
1047
1063
1073
1051
1059
1074
1072
1093
1079
1089
1087
1081
1090
1086
1080
1083
1085
1084
1082
1088
1075
1077
1076
1091
1078
1094
1096
1095
1098
1097
1092
1100
1099
1101
1102
1103
1105
1104
1106
1107
1108
1110
1109
1111
1112
1117
1115
1132
1113
1133
1137
1136
1138
1135
1140
1116
1139
1141
1143
1126
1119
1118
1120
1122
1123
1121
1128
1125
1127
1124
1130
1129
1131
1142
1146
1147
1148
1145
1149
1150
1144
1151
1152
1153
1154
1155
1156
1157
1159
1167
1169
1160
1162
1171
1163
1172
1164
1174
1176
1166
1168
1170
1175
1158
1182
1183
1178
1185
1186
1184
1187
1177
1188
1179
1190
1173
1189
1194
1191
1193
1209
1196
1203
1192
1206
1210
1208
1202
1204
1197
1198
1212
1215
1195
1213
1214
1218
1219
1201
1211
1200
1199
1225
1216
1220
1226
1221
1217
1228
1231
1230
1229
1223
1222
1224
1232
1227
1233
1235
1239
1238
1234
1237
1244
1245
1236
1250
1251
1240
1242
1246
1241
1247
1248
1252
1253
1249
1254
1255
1256
1257
1262
1258
1260
1261
1263
1265
1264
1266
1267
1268
1269
1271
1270
1272
1273
1277
1274
1275
1276
1279
1280
1281
1282
1283
1284
1285
1287
1286
1288
1289
1290
1291
1297
1294
1299
1298
1300
1292
1301
1303
1302
1295
1296
1313
1312
1311
1307
1310
1308
1314
1304
1306
1305
1309
1315
1316
1318
1317
1319
1322
1320
1321
1323
1325
1327
1326
1324
1328
1329
1331
1333
1332
1330
1334
1335
1336
1337
1338
1340
1339
1342
1343
1345
1344
1341
1348
1346
1347
1349
1350
1351
1353
1352
1354
1355
1357
1356
1358
1361
1360
1362
1366
1363
1364
1365
1367
1368
1370
1369
1371
1376
1377
1375
1378
1259
1373
1374
1379
1372
1380
1381
1382
1384
1383
1385
1386
1387
1388
1389
1390
1391
1392
1396
1397
1395
1393
1394
1399
1398
1400
1401
1404
1402
1408
1403
1406
1409
1407
1405
1411
1412
1410
1413
1415
1414
1416
1417
1418
1419
1420
1421
1422
1423
1424
1425
1426
1427
1428
1429
1430
1431
1432
1433
1434
1435
1436
1437
1438
1439
1440
1441
1442
1443
1444
1445
1447
1446
1448
1449
1450
1451
1452
1453
1456
1457
1454
1455
1463
1461
1462
1460
1458
1459
1464
1467
1466
1465
1468
1470
1469
1472
1471
1473
1474
1475
1476
1477
1478
1480
1479
1481
1483
1482
1484
1485
1487
1488
1486
1489
1490
1492
1491
1494
1493
1495
1497
1496
1498
1499
1500
1501
1502
1503
1504
1505
1506
1507
1508
1509
1510
1511
1512
1513
1514
1515
1516
1517
1518
1519
1520
1521
1522
1523
1524
1525
1526
1527
1528
1529
1530
314
319
303
298
277
288
305
276
329
311
325
318
297
324
293
315
327
289
279
306
330
296
307
280
283
317
290
316
328
320
292
282
309
286
299
321
291
287
308
300
281
313
323
322
310
359
367
355
363
371
357
365
375
379
361
353
373
377
364
360
350
368
336
352
334
338
348
340
346
344
372
380
356
376
342
343
337
347
339
335
351
332
354
331
341
345
330
349
333
358
362
366
370
378
374
422
405
420
407
424
409
410
425
415
427
429
430
411
400
396
402
394
426
398
421
416
406
423
389
386
384
392
393
388
399
391
381
403
387
401
390
397
383
418
395
382
408
428
413
385
443
448
444
453
458
452
447
466
441
439
435
437
455
450
468
478
446
461
475
471
464
451
462
479
469
456
474
476
460
445
454
467
434
440
432
449
436
438
442
477
431
459
465
473
518
502
510
483
514
498
494
528
485
490
487
506
523
481
488
499
529
491
495
524
511
507
515
525
520
530
519
522
501
527
513
509
493
505
517
512
500
489
482
526
492
496
516
486
484
508
504
521
507
491
499
523
527
519
511
503
515
495
525
509
521
489
493
513
529
505
497
501
517
530
490
518
514
526
483
498
485
522
494
502
510
506
481
487
500
520
504
486
488
492
496
484
528
508
512
524
482
516
543
547
539
535
554
538
550
562
542
566
558
546
570
574
551
579
555
559
563
567
571
575
580
577
560
572
564
548
536
544
568
556
540
533
531
576
552
532
537
545
534
541
549
553
557
565
569
573
578
561
613
592
596
606
621
601
629
622
630
614
618
610
626
627
611
619
624
598
608
616
603
609
604
587
584
625
617
583
582
581
585
590
599
594
628
620
605
588
595
591
600
612
597
615
623
589
602
593
586
607
652
648
660
667
649
644
640
676
672
657
664
654
661
683
680
677
669
692
662
670
685
699
678
693
708
645
641
656
650
704
715
701
632
634
643
633
647
639
637
635
724
663
694
631
671
717
666
682
674
659
725
690
702
679
710
668
698
687
675
695
728
718
711
703
684
719
714
707
700
691
716
727
723
722
730
636
713
638
689
665
697
681
651
673
729
721
642
705
646
658
755
748
762
746
742
752
747
753
760
770
743
739
749
768
759
776
756
778
732
733
731
738
735
754
736
741
763
771
751
769
758
779
794
783
802
765
795
773
784
785
810
803
818
781
793
826
811
791
789
799
800
807
819
797
815
823
809
827
774
766
808
805
782
817
829
825
813
821
790
824
798
806
830
814
822
750
740
744
780
788
796
804
828
812
820
737
757
772
764
857
850
845
865
851
854
870
839
852
859
875
836
867
842
838
886
831
833
837
847
891
866
874
882
894
863
897
890
879
877
923
915
905
887
902
876
892
860
884
868
910
913
914
930
922
900
921
926
911
929
927
919
893
901
909
925
917
840
849
844
920
912
864
888
904
872
856
880
928
896
961
944
949
969
956
963
977
971
952
959
985
967
943
970
955
953
978
962
960
975
987
968
993
983
986
976
1001
995
984
991
1009
1000
994
992
1008
1003
999
965
973
981
989
1016
1017
1024
938
946
936

1025
934
935
951
942
931
933
966
990
958
982
974
1011
1007
1010
997
998
1015
1019
1018
1006
1005
1023
1026
1014
1027
1021
1013
1022
1030
1029
980
950
957
945
972
941
964
1020
937
988
996
1004
1012
1028
1040
1043
1051
1047
1055
1068
1089
1065
1116
1107
1111
1098
1104
1078
1086
1095
1122
1113
1070
1073
1125
1120
1076
1102
1092
1110
1101
1119
1082
1128
1066
1060
1117
1090
1126
1108
1074
1035
1099
1032
1031
1033
1034
1045
1085
1044
1053
1121
1041
1112
1036
1049
1077
1062
1048
1123
1087
1063
1097
1114
1064
1038
1079
1105
1058
1071
1059
1050
1124
1106
1054
1072
1109
1127
1061
1056
1083
1100
1118
1075
1091
1067
1163
1151
1177
1169
1157
1186
1197
1171
1153
1179
1159
1165
1138
1134
1188
1150
1168
1206
1176
1162
1146
1132
1195
1185
1142
1136
1156
1182
1214
1173
1227
1192
1203
1219
1210
1222
1217
1199
1230
1193
1228
1174
1204
1183
1205
1216
1194
1155
1207
1149
1175
1145
1167
1161
1229
1152
1189
1200
1226
1158
1143
1170
1187
1221
1209
1198
1220
1212
1180
1224
1201
1190
1213
1144
1181
1141
1154
1148
1137
1225
1191
1131
1139
1160
1172
1135
1166
1202
1133
1159
1151
1140
1138
1157
1131
1149
1143
1133
1153
1141
1146
1135
1162
1163
1148
1137
1164
1145
1155
1147
1160
1152
1166
1165
1134
1144
1156
1161
1150
1158
1167
1168
1169
1170
1171
1172
1173
1176
1174
1178
1177
1180
1179
1183
1182
1181
1186
1187
1188
1189
1191
1192
1184
1185
1190
1193
1194
1196
1197
1154
1142
1198
1132
1139
1199
1200
1201
1202
1138
1151
1133
1143
1159
1169
1152
1160
1177
1168
1170
1146
1139
1144
1153
1178
1162
1132
1131
1140
1147
1191
1156
1166
1165
1195
1171
1174
1188
1161
1192
1198
1176
1184
1175
1197
1172
1163
1190
1141
1185
1157
1149
1167
1164
1154
1183
1189
1145
1194
1193
1199
1180
1200
1187
1196
1201
1202
1173
1182
1204
1206
1205
1203
1150
1137
1158
1142
1213
1207
1208
1209
1218
1211
1212
1210
1215
1216
1225
1217
1214
1223
1219
1224
1221
1227
1222
1228
1229
1230
1220
1226
1245
1247
1252
1232
1246
1250
1235
1240
1237
1233
1256
1255
1253
1254
1248
1242
1257
1258
1238
1234
1261
1264
1260
1259
1243
1244
1262
1263
1265
1266
1267
1268
1269
1270
1271
1272
1273
1274
1275
1276
1277
1278
1280
1281
1283
1282
1284
1286
1285
1287
1289
1288
1291
1290
1292
1293
1294
1295
1296
1297
1298
1299
1300
1302
1301
1303
1304
1305
1306
1307
1308
1309
1310
1312
1311
1313
1314
1317
1318
1315
1319
1321
1320
1322
1323
1324
1325
1316
1327
1328
1329
1330
1331
1333
1335
1334
1336
1337
1338
1339
1340
1341
1342
1343
1344
1345
1346
1347
1332
1349
1348
1350
1351
1354
1353
1355
1352
1356
1357
1358
1359
1361
1362
1363
1360
1364
1365
1366
1367
1368
1369
1370
1371
1372
1373
1374
1375
1376
1377
1378
1379
1380
1381
1382
1383
1384
1385
1386
1387
1388
1389
1390
1391
1392
1393
1394
1395
1396
1397
1398
1399
1400
1401
1402
1403
1404
1405
1406
1407
1408
1409
1410
1411
1412
1413
1414
1415
1416
1417
1418
1419
1420
1421
1422
1423
1424
1425
1426
1427
1428
1429
1430
1431
1434
1436
1435
1432
1437
1438
1439
1440
1441
1442
1443
1444
1445
1446
1447
1448
1449
1450
1451
1452
1453
1454
1455
1456
1457
1458
1459
1460
1461
1462
1463
1464
1465
1466
1467
1468
1469
1470
1471
1472
1473
1474
1475
1476
1477
1478
1479
1480
1481
1482
1483
1484
1485
1486
1487
1488
1489
1490
1491
1492
1493
1494
1495
1496
1497
1498
1499
1500
1501
1502
1503
1504
1505
1506
1507
1508
1509
1510
1511
1512
1513
1514
1515
1516
1517
1518
1519
1520
1521
1522
1523
1524
1525
1526
1527
1528
1529
1530
